<?xml version="1.0" encoding="UTF-8"?>
<!-- Generated by org.testng.reporters.JUnitXMLReporter -->
<testsuite ignored="0" hostname="Nabeela" failures="1" tests="3" name="ChromeBrowser" time="9.958" errors="0" timestamp="2022-10-12T19:33:20 EDT">
  <testcase classname="TestNG.BooksTest" name="verfiyBookLinks" time="4.88">
    <failure type="java.lang.AssertionError" message="The following asserts failed:
	expected [https://www.amazon.com/books-used-books-textbooks/b/?ie=UTF8&amp;amp;node=283155&amp;amp;ref_=nav_cs_books1] but found [https://www.amazon.com/books-used-books-textbooks/b/?ie=UTF8&amp;amp;node=283155&amp;amp;ref_=nav_cs_books]">
      <![CDATA[java.lang.AssertionError: The following asserts failed:
expected [https://www.amazon.com/books-used-books-textbooks/b/?ie=UTF8&node=283155&ref_=nav_cs_books1] but found [https://www.amazon.com/books-used-books-textbooks/b/?ie=UTF8&node=283155&ref_=nav_cs_books]
at TestNG.BooksTest.verfiyBookLinks(BooksTest.java:43)
at java.base/java.util.ArrayList.forEach(ArrayList.java:1511)
... Removed 27 stack frames]]>
    </failure>
  </testcase> <!-- verfiyBookLinks -->
  <testcase classname="TestNG.BooksTest" name="findLink" time="0.17"/>
  <testcase classname="TestNG.BooksTest" name="verifySearchField" time="0.0">
    <skipped/>
  </testcase> <!-- verifySearchField -->
</testsuite> <!-- ChromeBrowser -->
